<?xml version="1.0" encoding="UTF-8"?>
<testsuite name="az.edu.ada.wm2.firstspringapp.FirstSpringAppApplicationTests" tests="1" skipped="0" failures="0" errors="0" timestamp="2024-02-20T18:24:27" hostname="WINDOWS-AIJVO82" time="0.795">
  <properties/>
  <testcase name="contextLoads()" classname="az.edu.ada.wm2.firstspringapp.FirstSpringAppApplicationTests" time="0.795"/>
  <system-out><![CDATA[22:24:25.317 [Test worker] INFO org.springframework.test.context.support.AnnotationConfigContextLoaderUtils -- Could not detect default configuration classes for test class [az.edu.ada.wm2.firstspringapp.FirstSpringAppApplicationTests]: FirstSpringAppApplicationTests does not declare any static, non-private, non-final, nested classes annotated with @Configuration.
22:24:25.442 [Test worker] INFO org.springframework.boot.test.context.SpringBootTestContextBootstrapper -- Found @SpringBootConfiguration az.edu.ada.wm2.firstspringapp.FirstSpringAppApplication for test class az.edu.ada.wm2.firstspringapp.FirstSpringAppApplicationTests

  .   ____          _            __ _ _
 /\\ / ___'_ __ _ _(_)_ __  __ _ \ \ \ \
( ( )\___ | '_ | '_| | '_ \/ _` | \ \ \ \
 \\/  ___)| |_)| | | | | || (_| |  ) ) ) )
  '  |____| .__|_| |_|_| |_\__, | / / / /
 =========|_|==============|___/=/_/_/_/
 :: Spring Boot ::                (v3.2.2)

2024-02-20T22:24:25.843+04:00  INFO 19584 --- [    Test worker] a.e.a.w.f.FirstSpringAppApplicationTests : Starting FirstSpringAppApplicationTests using Java 21.0.2 with PID 19584 (started by User in D:\web2_course_work_spring24\273\first-spring-app\first-spring-app)
2024-02-20T22:24:25.845+04:00  INFO 19584 --- [    Test worker] a.e.a.w.f.FirstSpringAppApplicationTests : No active profile set, falling back to 1 default profile: "default"
2024-02-20T22:24:27.100+04:00  INFO 19584 --- [    Test worker] a.e.a.w.f.FirstSpringAppApplicationTests : Started FirstSpringAppApplicationTests in 1.468 seconds (process running for 2.719)
]]></system-out>
  <system-err><![CDATA[WARNING: A Java agent has been loaded dynamically (C:\Users\User\.gradle\caches\modules-2\files-2.1\net.bytebuddy\byte-buddy-agent\1.14.11\f9cb566608fbac6bc7bf54901a7aa11543a989ee\byte-buddy-agent-1.14.11.jar)
WARNING: If a serviceability tool is in use, please run with -XX:+EnableDynamicAgentLoading to hide this warning
WARNING: If a serviceability tool is not in use, please run with -Djdk.instrument.traceUsage for more information
WARNING: Dynamic loading of agents will be disallowed by default in a future release
]]></system-err>
</testsuite>
